<?xml version="1.0" encoding="UTF-8"?>
<testsuite name="org.groupware.project.SoomgoGroupwareApplicationTests" tests="1" skipped="0" failures="0" errors="0" timestamp="2024-09-23T06:51:45" hostname="DORY_NBOOK" time="1.155">
  <properties/>
  <testcase name="contextLoads()" classname="org.groupware.project.SoomgoGroupwareApplicationTests" time="1.155"/>
  <system-out><![CDATA[15:51:42.197 [Test worker] INFO org.springframework.test.context.support.AnnotationConfigContextLoaderUtils -- Could not detect default configuration classes for test class [org.groupware.project.SoomgoGroupwareApplicationTests]: SoomgoGroupwareApplicationTests does not declare any static, non-private, non-final, nested classes annotated with @Configuration.
15:51:42.362 [Test worker] INFO org.springframework.boot.test.context.SpringBootTestContextBootstrapper -- Found @SpringBootConfiguration org.groupware.project.GroupwareApplication for test class org.groupware.project.SoomgoGroupwareApplicationTests

  .   ____          _            __ _ _
 /\\ / ___'_ __ _ _(_)_ __  __ _ \ \ \ \
( ( )\___ | '_ | '_| | '_ \/ _` | \ \ \ \
 \\/  ___)| |_)| | | | | || (_| |  ) ) ) )
  '  |____| .__|_| |_|_| |_\__, | / / / /
 =========|_|==============|___/=/_/_/_/

 :: Spring Boot ::                (v3.3.3)

2024-09-23T15:51:43.025+09:00  INFO 23812 --- [groupware] [    Test worker] o.g.p.SoomgoGroupwareApplicationTests    : Starting SoomgoGroupwareApplicationTests using Java 17.0.11 with PID 23812 (started by bemsu in C:\groupware)
2024-09-23T15:51:43.027+09:00 DEBUG 23812 --- [groupware] [    Test worker] o.g.p.SoomgoGroupwareApplicationTests    : Running with Spring Boot v3.3.3, Spring v6.1.12
2024-09-23T15:51:43.028+09:00  INFO 23812 --- [groupware] [    Test worker] o.g.p.SoomgoGroupwareApplicationTests    : No active profile set, falling back to 1 default profile: "default"
2024-09-23T15:51:44.843+09:00  INFO 23812 --- [groupware] [    Test worker] o.s.b.a.w.s.WelcomePageHandlerMapping    : Adding welcome page template: index
2024-09-23T15:51:45.496+09:00  WARN 23812 --- [groupware] [    Test worker] .s.s.UserDetailsServiceAutoConfiguration : 

Using generated security password: 32c3b513-81e9-4913-b4d5-313b1089db93

This generated password is for development use only. Your security configuration must be updated before running your application in production.

2024-09-23T15:51:45.539+09:00  INFO 23812 --- [groupware] [    Test worker] r$InitializeUserDetailsManagerConfigurer : Global AuthenticationManager configured with UserDetailsService bean with name inMemoryUserDetailsManager
2024-09-23T15:51:45.843+09:00  INFO 23812 --- [groupware] [    Test worker] o.g.p.SoomgoGroupwareApplicationTests    : Started SoomgoGroupwareApplicationTests in 3.233 seconds (process running for 4.91)
]]></system-out>
  <system-err><![CDATA[]]></system-err>
</testsuite>
