<?xml version="1.0" encoding="UTF-8"?>
<testsuite name="com.groupware.erp.ErpApplicationTests" tests="1" skipped="0" failures="0" errors="0" timestamp="2024-09-28T12:54:37" hostname="iseungjin-ui-MacBookPro.local" time="0.28">
  <properties/>
  <testcase name="contextLoads()" classname="com.groupware.erp.ErpApplicationTests" time="0.28"/>
  <system-out><![CDATA[21:54:35.456 [Test worker] INFO org.springframework.test.context.support.AnnotationConfigContextLoaderUtils -- Could not detect default configuration classes for test class [com.groupware.erp.ErpApplicationTests]: ErpApplicationTests does not declare any static, non-private, non-final, nested classes annotated with @Configuration.
21:54:35.500 [Test worker] INFO org.springframework.boot.test.context.SpringBootTestContextBootstrapper -- Found @SpringBootConfiguration com.groupware.erp.ErpApplication for test class com.groupware.erp.ErpApplicationTests

  .   ____          _            __ _ _
 /\\ / ___'_ __ _ _(_)_ __  __ _ \ \ \ \
( ( )\___ | '_ | '_| | '_ \/ _` | \ \ \ \
 \\/  ___)| |_)| | | | | || (_| |  ) ) ) )
  '  |____| .__|_| |_|_| |_\__, | / / / /
 =========|_|==============|___/=/_/_/_/

 :: Spring Boot ::                (v3.3.3)

2024-09-28T21:54:35.679+09:00  INFO 9299 --- [erp] [    Test worker] com.groupware.erp.ErpApplicationTests    : Starting ErpApplicationTests using Java 17.0.12 with PID 9299 (started by seungjinlee in /Users/seungjinlee/workspace/erp)
2024-09-28T21:54:35.679+09:00  INFO 9299 --- [erp] [    Test worker] com.groupware.erp.ErpApplicationTests    : No active profile set, falling back to 1 default profile: "default"
2024-09-28T21:54:36.006+09:00  INFO 9299 --- [erp] [    Test worker] .s.d.r.c.RepositoryConfigurationDelegate : Bootstrapping Spring Data JPA repositories in DEFAULT mode.
2024-09-28T21:54:36.034+09:00  INFO 9299 --- [erp] [    Test worker] .s.d.r.c.RepositoryConfigurationDelegate : Finished Spring Data repository scanning in 24 ms. Found 2 JPA repository interfaces.
2024-09-28T21:54:36.280+09:00  INFO 9299 --- [erp] [    Test worker] com.zaxxer.hikari.HikariDataSource       : HikariPool-1 - Starting...
2024-09-28T21:54:36.440+09:00  INFO 9299 --- [erp] [    Test worker] com.zaxxer.hikari.pool.HikariPool        : HikariPool-1 - Added connection com.mysql.cj.jdbc.ConnectionImpl@7cdb7fc
2024-09-28T21:54:36.441+09:00  INFO 9299 --- [erp] [    Test worker] com.zaxxer.hikari.HikariDataSource       : HikariPool-1 - Start completed.
2024-09-28T21:54:36.459+09:00  INFO 9299 --- [erp] [    Test worker] o.hibernate.jpa.internal.util.LogHelper  : HHH000204: Processing PersistenceUnitInfo [name: default]
2024-09-28T21:54:36.484+09:00  INFO 9299 --- [erp] [    Test worker] org.hibernate.Version                    : HHH000412: Hibernate ORM core version 6.5.2.Final
2024-09-28T21:54:36.499+09:00  INFO 9299 --- [erp] [    Test worker] o.h.c.internal.RegionFactoryInitiator    : HHH000026: Second-level cache disabled
2024-09-28T21:54:36.634+09:00  INFO 9299 --- [erp] [    Test worker] o.s.o.j.p.SpringPersistenceUnitInfo      : No LoadTimeWeaver setup: ignoring JPA class transformer
2024-09-28T21:54:37.052+09:00  INFO 9299 --- [erp] [    Test worker] o.h.e.t.j.p.i.JtaPlatformInitiator       : HHH000489: No JTA platform available (set 'hibernate.transaction.jta.platform' to enable JTA platform integration)
2024-09-28T21:54:37.053+09:00  INFO 9299 --- [erp] [    Test worker] j.LocalContainerEntityManagerFactoryBean : Initialized JPA EntityManagerFactory for persistence unit 'default'
2024-09-28T21:54:37.296+09:00  WARN 9299 --- [erp] [    Test worker] JpaBaseConfiguration$JpaWebConfiguration : spring.jpa.open-in-view is enabled by default. Therefore, database queries may be performed during view rendering. Explicitly configure spring.jpa.open-in-view to disable this warning
2024-09-28T21:54:37.309+09:00  INFO 9299 --- [erp] [    Test worker] r$InitializeUserDetailsManagerConfigurer : Global AuthenticationManager configured with UserDetailsService bean with name loginUserDetailService
2024-09-28T21:54:37.351+09:00  INFO 9299 --- [erp] [    Test worker] o.s.b.a.w.s.WelcomePageHandlerMapping    : Adding welcome page: class path resource [static/index.html]
2024-09-28T21:54:37.647+09:00  INFO 9299 --- [erp] [    Test worker] com.groupware.erp.ErpApplicationTests    : Started ErpApplicationTests in 2.08 seconds (process running for 2.548)
]]></system-out>
  <system-err><![CDATA[]]></system-err>
</testsuite>
